TN:
SF:src\errors\AppErrors.js
FN:2,AppErrors
FNF:1
FNH:1
FNDA:1,AppErrors
DA:1,1
DA:2,1
DA:3,1
DA:4,1
DA:5,1
DA:6,1
DA:7,1
DA:8,1
LF:8
LH:8
BRDA:2,0,0,1
BRF:1
BRH:1
end_of_record
TN:
SF:src\models\User.js
FNF:0
FNH:0
DA:1,1
DA:2,1
DA:3,1
DA:4,1
DA:5,1
DA:6,1
DA:7,1
DA:8,1
DA:9,1
DA:10,1
DA:11,1
DA:12,1
DA:13,1
DA:14,1
DA:15,1
DA:16,1
DA:17,1
DA:18,1
DA:19,1
DA:20,1
DA:21,1
DA:22,1
DA:23,1
DA:24,1
DA:25,1
DA:26,1
DA:27,1
DA:28,1
DA:29,1
DA:30,1
DA:31,1
DA:32,1
DA:33,1
DA:34,1
DA:35,1
DA:36,1
DA:37,1
DA:38,1
DA:39,1
LF:39
LH:39
BRF:0
BRH:0
end_of_record
TN:
SF:src\repositories\UsersRepository.js
FN:4,findById
FN:9,findByNickname
FN:16,findByNameAndLastname
FN:27,findByName
FN:34,findByLastname
FN:41,updateNickname
FN:55,checkNickname
FN:61,updateLastnameAddress
FN:77,create
FN:82,delete
FNF:10
FNH:7
FNDA:2,findById
FNDA:2,findByNickname
FNDA:0,findByNameAndLastname
FNDA:0,findByName
FNDA:0,findByLastname
FNDA:1,updateNickname
FNDA:3,checkNickname
FNDA:1,updateLastnameAddress
FNDA:1,create
FNDA:1,delete
DA:1,1
DA:2,1
DA:3,1
DA:4,1
DA:5,2
DA:6,2
DA:7,2
DA:8,1
DA:9,1
DA:10,2
DA:11,2
DA:12,2
DA:13,2
DA:14,2
DA:15,1
DA:16,1
DA:17,0
DA:18,0
DA:19,0
DA:20,0
DA:21,0
DA:22,0
DA:23,0
DA:24,0
DA:25,0
DA:26,1
DA:27,1
DA:28,0
DA:29,0
DA:30,0
DA:31,0
DA:32,0
DA:33,1
DA:34,1
DA:35,0
DA:36,0
DA:37,0
DA:38,0
DA:39,0
DA:40,1
DA:41,1
DA:42,1
DA:43,1
DA:44,1
DA:45,1
DA:46,1
DA:47,1
DA:48,1
DA:49,1
DA:50,1
DA:51,1
DA:52,1
DA:53,1
DA:54,1
DA:55,1
DA:56,3
DA:57,3
DA:58,3
DA:59,3
DA:60,1
DA:61,1
DA:62,1
DA:63,1
DA:64,1
DA:65,1
DA:66,1
DA:67,1
DA:68,1
DA:69,1
DA:70,1
DA:71,1
DA:72,1
DA:73,1
DA:74,1
DA:75,1
DA:76,1
DA:77,1
DA:78,1
DA:79,1
DA:80,1
DA:81,1
DA:82,1
DA:83,1
DA:84,1
DA:85,1
DA:86,1
DA:87,1
LF:87
LH:68
BRDA:4,0,0,2
BRDA:9,1,0,2
BRDA:41,2,0,1
BRDA:55,3,0,3
BRDA:61,4,0,1
BRDA:77,5,0,1
BRDA:82,6,0,1
BRF:7
BRH:7
end_of_record
TN:
SF:src\services\CreateUserService.js
FN:6,CreateUserService
FN:10,execute
FNF:2
FNH:2
FNDA:1,CreateUserService
FNDA:4,execute
DA:1,1
DA:2,1
DA:3,1
DA:4,1
DA:5,1
DA:6,1
DA:7,1
DA:8,1
DA:9,1
DA:10,1
DA:11,4
DA:12,4
DA:13,4
DA:14,1
DA:15,1
DA:16,3
DA:17,3
DA:18,3
DA:19,3
DA:20,3
DA:21,4
DA:22,1
DA:23,1
DA:24,2
DA:25,2
DA:26,2
DA:27,1
DA:28,1
DA:29,1
LF:29
LH:29
BRDA:6,0,0,1
BRDA:10,1,0,4
BRDA:13,2,0,1
BRDA:16,3,0,3
BRDA:21,4,0,1
BRDA:24,5,0,2
BRF:6
BRH:6
end_of_record
TN:
SF:src\services\DeleteUserService.js
FN:5,DeleteUserService
FN:9,execute
FNF:2
FNH:2
FNDA:1,DeleteUserService
FNDA:2,execute
DA:1,1
DA:2,1
DA:3,1
DA:4,1
DA:5,1
DA:6,1
DA:7,1
DA:8,1
DA:9,1
DA:10,2
DA:11,2
DA:12,2
DA:13,1
DA:14,1
DA:15,1
DA:16,1
DA:17,1
DA:18,1
DA:19,1
DA:20,1
DA:21,1
LF:21
LH:21
BRDA:5,0,0,1
BRDA:9,1,0,2
BRDA:12,2,0,1
BRF:3
BRH:3
end_of_record
TN:
SF:src\services\ShowUserByNicknameService.js
FN:5,ShowUserByNicknameService
FN:9,execute
FNF:2
FNH:2
FNDA:1,ShowUserByNicknameService
FNDA:2,execute
DA:1,1
DA:2,1
DA:3,1
DA:4,1
DA:5,1
DA:6,1
DA:7,1
DA:8,1
DA:9,1
DA:10,2
DA:11,2
DA:12,2
DA:13,1
DA:14,1
DA:15,1
DA:16,1
DA:17,1
DA:18,1
DA:19,1
DA:20,1
LF:20
LH:20
BRDA:5,0,0,1
BRDA:9,1,0,2
BRDA:12,2,0,1
BRF:3
BRH:3
end_of_record
TN:
SF:src\services\UpdateUserLastnameAddressService.js
FN:7,execute
FNF:1
FNH:1
FNDA:2,execute
DA:1,1
DA:2,1
DA:3,1
DA:4,1
DA:5,1
DA:6,1
DA:7,1
DA:8,2
DA:9,2
DA:10,2
DA:11,1
DA:12,1
DA:13,1
DA:14,1
DA:15,1
DA:16,1
DA:17,1
DA:18,1
LF:18
LH:18
BRDA:7,0,0,2
BRDA:10,1,0,1
BRF:2
BRH:2
end_of_record
TN:
SF:src\services\UpdateUserNicknameService.js
FN:6,UpdateUserService
FN:10,execute
FNF:2
FNH:2
FNDA:1,UpdateUserService
FNDA:4,execute
DA:1,1
DA:2,1
DA:3,1
DA:4,1
DA:5,1
DA:6,1
DA:7,1
DA:8,1
DA:9,1
DA:10,1
DA:11,4
DA:12,4
DA:13,4
DA:14,1
DA:15,1
DA:16,3
DA:17,3
DA:18,4
DA:19,1
DA:20,1
DA:21,2
DA:22,2
DA:23,2
DA:24,2
DA:25,4
DA:26,1
DA:27,1
DA:28,1
DA:29,1
DA:30,1
DA:31,1
DA:32,1
DA:33,1
LF:33
LH:33
BRDA:6,0,0,1
BRDA:10,1,0,4
BRDA:13,2,0,1
BRDA:16,3,0,3
BRDA:18,4,0,1
BRDA:21,5,0,2
BRDA:25,6,0,1
BRDA:25,7,0,1
BRF:8
BRH:8
end_of_record
TN:
SF:src\utils\whiteSpaceCheck.js
FN:1,hasWhiteSpace
FNF:1
FNH:1
FNDA:3,hasWhiteSpace
DA:1,3
DA:2,3
DA:3,3
DA:4,1
DA:5,1
LF:5
LH:5
BRDA:1,0,0,3
BRF:1
BRH:1
end_of_record
